<?xml version="1.0" encoding="UTF-8"?>
<!-- Generated by org.testng.reporters.JUnitReportReporter -->
<testsuite hostname="Ashwin-PC" failures="0" tests="2" name="AshwinKallingal.SeleniumFramework.TestCases.ErrorValidation" time="42.524" errors="0" timestamp="2 Jul 2024 06:39:04 GMT">
  <testcase classname="AshwinKallingal.SeleniumFramework.TestCases.ErrorValidation" name="productErrorValidation" time="18.986"/>
  <testcase classname="AshwinKallingal.SeleniumFramework.TestCases.ErrorValidation" name="loginErrorValidation" time="23.538"/>
</testsuite> <!-- AshwinKallingal.SeleniumFramework.TestCases.ErrorValidation -->
