<?xml version="1.0" encoding="UTF-8"?>
<!-- Generated by org.testng.reporters.JUnitReportReporter -->
<testsuite hostname="Ashwin-PC" failures="0" tests="2" name="AshwinKallingal.SeleniumFramework.TestCases.StandAloneTest" time="135.051" errors="0" timestamp="3 Jul 2024 05:33:59 GMT">
  <testcase classname="AshwinKallingal.SeleniumFramework.TestCases.StandAloneTest" name="submitOrder" time="96.625"/>
  <testcase classname="AshwinKallingal.SeleniumFramework.TestCases.StandAloneTest" name="Demo1" time="38.426"/>
</testsuite> <!-- AshwinKallingal.SeleniumFramework.TestCases.StandAloneTest -->
