<?xml version="1.0" encoding="UTF-8"?>
<!-- Generated by org.testng.reporters.JUnitReportReporter -->
<testsuite hostname="Ashwin-PC" failures="0" tests="1" name="AshwinKallingal.SeleniumFramework.TestCases.Demo" time="24.634" errors="0" timestamp="27 Jun 2024 08:26:02 GMT">
  <testcase classname="AshwinKallingal.SeleniumFramework.TestCases.Demo" name="test" time="24.634"/>
</testsuite> <!-- AshwinKallingal.SeleniumFramework.TestCases.Demo -->
