<?xml version="1.0" encoding="UTF-8"?>
<!-- Generated by org.testng.reporters.JUnitReportReporter -->
<testsuite hostname="Ashwin-PC" failures="0" tests="1" name="AshwinKallingal.SeleniumFramework.TestCases.StandAloneTest" time="52.108" errors="0" timestamp="2 Jul 2024 10:05:55 GMT">
  <testcase classname="AshwinKallingal.SeleniumFramework.TestCases.StandAloneTest" name="Demo1" time="52.108"/>
</testsuite> <!-- AshwinKallingal.SeleniumFramework.TestCases.StandAloneTest -->
