<?xml version="1.0" encoding="UTF-8"?>
<!-- Generated by org.testng.reporters.JUnitReportReporter -->
<testsuite hostname="Ashwin-PC" failures="0" tests="1" name="cucumber.TestNGTestRunner" time="35.347" errors="0" timestamp="3 Jul 2024 05:52:32 GMT">
  <testcase classname="cucumber.TestNGTestRunner" name="runScenario" time="35.347"/>
</testsuite> <!-- cucumber.TestNGTestRunner -->
